<?xml version="1.0" encoding="UTF-8"?>
<!-- Generated by org.testng.reporters.JUnitReportReporter -->
<testsuite skipped="0" hostname="DESKTOP-DBBUDF4" name="DataProviderFormExcel" tests="6" failures="0" timestamp="15 Dec 2018 13:53:02 GMT" time="13.146" errors="0">
  <testcase name="sFormValidation" time="2.135" classname="DataProviderFormExcel"/>
  <testcase name="sFormValidation" time="2.172" classname="DataProviderFormExcel"/>
  <testcase name="sFormValidation" time="2.159" classname="DataProviderFormExcel"/>
  <testcase name="sFormValidation" time="2.185" classname="DataProviderFormExcel"/>
  <testcase name="sFormValidation" time="2.342" classname="DataProviderFormExcel"/>
  <testcase name="sFormValidation" time="2.153" classname="DataProviderFormExcel"/>
</testsuite> <!-- DataProviderFormExcel -->
